11:09:56.626 INFO - Selenium build info: version: '3.5.3', revision: 'a88d25fe6b'
11:09:56.627 INFO - Launching a standalone Selenium Server
2017-09-28 11:09:56.652:INFO::main: Logging initialized @253ms to org.seleniumhq.jetty9.util.log.StdErrLog
11:09:56.700 INFO - Driver class not found: com.opera.core.systems.OperaDriver
11:09:56.731 INFO - Driver provider class org.openqa.selenium.ie.InternetExplorerDriver registration is skipped:
 registration capabilities Capabilities [{ensureCleanSession=true, browserName=internet explorer, version=, platform=WINDOWS}] does not match the current platform LINUX
11:09:56.733 INFO - Driver provider class org.openqa.selenium.edge.EdgeDriver registration is skipped:
 registration capabilities Capabilities [{browserName=MicrosoftEdge, version=, platform=WINDOWS}] does not match the current platform LINUX
11:09:56.734 INFO - Driver provider class org.openqa.selenium.safari.SafariDriver registration is skipped:
 registration capabilities Capabilities [{browserName=safari, version=, platform=MAC}] does not match the current platform LINUX
11:09:56.762 INFO - Using the passthrough mode handler
2017-09-28 11:09:56.781:INFO:osjs.Server:main: jetty-9.4.5.v20170502
2017-09-28 11:09:56.813:WARN:osjs.SecurityHandler:main: ServletContext@o.s.j.s.ServletContextHandler@67784306{/,null,STARTING} has uncovered http methods for path: /
2017-09-28 11:09:56.820:INFO:osjsh.ContextHandler:main: Started o.s.j.s.ServletContextHandler@67784306{/,null,AVAILABLE}
2017-09-28 11:09:56.858:INFO:osjs.AbstractConnector:main: Started ServerConnector@56a3ee36{HTTP/1.1,[http/1.1]}{0.0.0.0:4444}
2017-09-28 11:09:56.859:INFO:osjs.Server:main: Started @460ms
11:09:56.859 INFO - Selenium Server is up and running
2017-09-28 11:09:57.058:INFO:osjshC.ROOT:qtp971848845-10: org.openqa.selenium.remote.server.WebDriverServlet-46d56d67: Initialising WebDriverServlet
11:09:57.092 INFO - Binding default provider to: org.openqa.selenium.chrome.ChromeDriverService
11:09:57.094 INFO - Found handler: org.openqa.selenium.remote.server.BeginSession@db951e2
11:09:57.098 INFO - /session: Executing POST on /session (handler: BeginSession)
11:09:57.142 INFO - Capabilities are: Capabilities {acceptSslCerts=true, name=Simple, browserName=chrome, javascriptEnabled=true, platformName=ANY, platform=ANY, }
11:09:57.143 INFO - Capabilities {acceptSslCerts=true, name=Simple, browserName=chrome, javascriptEnabled=true, platformName=ANY, platform=ANY, } matched class org.openqa.selenium.remote.server.ServicedSession$Factory (provider: org.openqa.selenium.chrome.ChromeDriverService)
11:09:57.149 INFO - Capabilities {acceptSslCerts=true, name=Simple, browserName=chrome, javascriptEnabled=true, platformName=ANY, platform=ANY, } matched class org.openqa.selenium.remote.server.ServicedSession$Factory (provider: org.openqa.selenium.chrome.ChromeDriverService)
Starting ChromeDriver 2.32.498513 (2c63aa53b2c658de596ed550eb5267ec5967b351) on port 4586
Only local connections are allowed.
11:09:59.105 INFO - Found handler: org.openqa.selenium.remote.server.ServicedSession@505e5487
11:09:59.105 INFO - Handler thread for session d26f4bed46db401d455ac026e4694205 (chrome): Executing POST on /session/d26f4bed46db401d455ac026e4694205/url (handler: ServicedSession)
11:09:59.108 INFO - To upstream: {"url":"http://opennet.ru/"}
11:09:59.478 INFO - To downstream: {"sessionId":"d26f4bed46db401d455ac026e4694205","status":0,"value":null}
11:10:04.486 INFO - Found handler: org.openqa.selenium.remote.server.ServicedSession@505e5487
11:10:04.486 INFO - Handler thread for session d26f4bed46db401d455ac026e4694205 (chrome): Executing DELETE on /session/d26f4bed46db401d455ac026e4694205 (handler: ServicedSession)
11:10:04.537 INFO - To downstream: {"sessionId":"d26f4bed46db401d455ac026e4694205","status":0,"value":null}
